<?xml version="1.0" encoding="UTF-8"?>
<testsuite xmlns:xsi="http://www.w3.org/2001/XMLSchema-instance" xsi:noNamespaceSchemaLocation="https://maven.apache.org/surefire/maven-surefire-plugin/xsd/surefire-test-report.xsd" version="3.0.2" name="vttp.ssf.assessment.eventmanagement.EventmanagementApplicationTests" time="5.789" tests="1" errors="0" skipped="0" failures="0">
  <properties>
[...]
</properties>
  <testcase name="contextLoads" classname="vttp.ssf.assessment.eventmanagement.EventmanagementApplicationTests" time="1.056">
    <system-out><![CDATA[21:19:30.130 [main] INFO org.springframework.test.context.support.AnnotationConfigContextLoaderUtils -- Could not detect default configuration classes for test class [vttp.ssf.assessment.eventmanagement.EventmanagementApplicationTests]: EventmanagementApplicationTests does not declare any static, non-private, non-final, nested classes annotated with @Configuration.
21:19:30.263 [main] INFO org.springframework.boot.test.context.SpringBootTestContextBootstrapper -- Found @SpringBootConfiguration vttp.ssf.assessment.eventmanagement.EventmanagementApplication for test class vttp.ssf.assessment.eventmanagement.EventmanagementApplicationTests
21:19:30.417 [main] INFO org.springframework.boot.devtools.restart.RestartApplicationListener -- Restart disabled due to context in which it is running

  .   ____          _            __ _ _
 /\\ / ___'_ __ _ _(_)_ __  __ _ \ \ \ \
( ( )\___ | '_ | '_| | '_ \/ _` | \ \ \ \
 \\/  ___)| |_)| | | | | || (_| |  ) ) ) )
  '  |____| .__|_| |_|_| |_\__, | / / / /
 =========|_|==============|___/=/_/_/_/

 :: Spring Boot ::                (v3.4.0)

2024-12-12T21:19:30.769+08:00  WARN 25761 --- [vttp5_ssf_b4_practiceAssessment] [           main] ory$DuplicateJsonObjectContextCustomizer : 

Found multiple occurrences of org.json.JSONObject on the class path:

	jar:file:/Users/ongzhicong/.m2/repository/com/vaadin/external/google/android-json/0.0.20131108.vaadin1/android-json-0.0.20131108.vaadin1.jar!/org/json/JSONObject.class
	jar:file:/Users/ongzhicong/.m2/repository/org/json/json/20240303/json-20240303.jar!/org/json/JSONObject.class

You may wish to exclude one of them to ensure predictable runtime behavior

2024-12-12T21:19:30.798+08:00  INFO 25761 --- [vttp5_ssf_b4_practiceAssessment] [           main] v.s.a.e.EventmanagementApplicationTests  : Starting EventmanagementApplicationTests using Java 23 with PID 25761 (started by ongzhicong in /Users/ongzhicong/Downloads/vttp5_ssf_b4_practiceAssessment-main)
2024-12-12T21:19:30.800+08:00  INFO 25761 --- [vttp5_ssf_b4_practiceAssessment] [           main] v.s.a.e.EventmanagementApplicationTests  : No active profile set, falling back to 1 default profile: "default"
2024-12-12T21:19:32.275+08:00  INFO 25761 --- [vttp5_ssf_b4_practiceAssessment] [           main] .s.d.r.c.RepositoryConfigurationDelegate : Multiple Spring Data modules found, entering strict repository configuration mode
2024-12-12T21:19:32.279+08:00  INFO 25761 --- [vttp5_ssf_b4_practiceAssessment] [           main] .s.d.r.c.RepositoryConfigurationDelegate : Bootstrapping Spring Data Redis repositories in DEFAULT mode.
2024-12-12T21:19:32.317+08:00  INFO 25761 --- [vttp5_ssf_b4_practiceAssessment] [           main] .s.d.r.c.RepositoryConfigurationDelegate : Finished Spring Data repository scanning in 15 ms. Found 0 Redis repository interfaces.
Redis Config:
Host: localhost
Port: 6379
Username: 
Password: ******
Database: 0
2024-12-12T21:19:34.396+08:00  INFO 25761 --- [vttp5_ssf_b4_practiceAssessment] [           main] v.s.a.e.EventmanagementApplicationTests  : Started EventmanagementApplicationTests in 3.99 seconds (process running for 5.181)
1,Christmas Eve Party,20,1703415600000,0
2,Round Singapore Cycling,5,1702857600000,0
3,Intro to SCRATCH,5,1704502800000,0
4,JB Shopping !,5,1699837200000,0
testing task 4:
1,Christmas Eve Party,20,1703415600000,0
]]></system-out>
    <system-err><![CDATA[Mockito is currently self-attaching to enable the inline-mock-maker. This will no longer work in future releases of the JDK. Please add Mockito as an agent to your build what is described in Mockito's documentation: https://javadoc.io/doc/org.mockito/mockito-core/latest/org/mockito/Mockito.html#0.3
WARNING: A Java agent has been loaded dynamically (/Users/ongzhicong/.m2/repository/net/bytebuddy/byte-buddy-agent/1.15.10/byte-buddy-agent-1.15.10.jar)
WARNING: If a serviceability tool is in use, please run with -XX:+EnableDynamicAgentLoading to hide this warning
WARNING: If a serviceability tool is not in use, please run with -Djdk.instrument.traceUsage for more information
WARNING: Dynamic loading of agents will be disallowed by default in a future release
]]></system-err>
  </testcase>
</testsuite>